2025-08-11 14:17:51.499 | INFO | Enabling robot...
2025-08-11 14:17:51.499 | INFO | Enabling robot...
2025-08-11 14:21:47.116 | INFO | Enabling robot...
2025-08-11 14:21:47.116 | INFO | Enabling robot...
2025-08-11 14:21:47.116 | INFO | Enabling robot...
2025-08-11 14:22:28.740 | INFO | Enabling robot...
2025-08-11 14:22:28.740 | INFO | Enabling robot...
2025-08-11 14:24:07.469 | INFO | Robot is operational.
2025-08-11 14:24:07.469 | INFO | Robot is operational.
2025-08-11 14:24:07.469 | INFO | Robot is operational.
2025-08-11 14:24:07.471 | ERROR | Execution failed: 'flexivrdk.Robot' object has no attribute 'stop'
2025-08-11 14:24:07.471 | ERROR | Execution failed: 'flexivrdk.Robot' object has no attribute 'stop'
2025-08-11 14:24:07.471 | ERROR | Execution failed: 'flexivrdk.Robot' object has no attribute 'stop'
2025-08-11 14:24:58.268 | INFO | Enabling robot...
2025-08-11 14:24:58.268 | INFO | Enabling robot...
2025-08-11 14:24:58.268 | INFO | Enabling robot...
2025-08-11 14:25:03.873 | INFO | Robot is operational.
2025-08-11 14:25:03.873 | INFO | Robot is operational.
2025-08-11 14:25:03.873 | INFO | Robot is operational.
2025-08-11 14:25:03.877 | ERROR | Execution failed: 'flexivrdk.Robot' object has no attribute 'stop'
2025-08-11 14:25:03.877 | ERROR | Execution failed: 'flexivrdk.Robot' object has no attribute 'stop'
2025-08-11 14:25:03.877 | ERROR | Execution failed: 'flexivrdk.Robot' object has no attribute 'stop'
2025-08-11 17:52:45.678 | ERROR | Robot initialization attempt 1 failed: [flexiv::rdk::Robot] Failed to connect to [Rizon4s-062067]. Please check that: a) Remote mode (Ethernet) is enabled on the target robot; b) Ethernet connection with the target robot is established; c) The specified serial number of the target robot is correct; d) No firewall is active or this RDK program is whitelisted; e) RDK version is compatible with the target robot's software version
2025-08-11 17:52:45.678 | ERROR | Robot initialization attempt 1 failed: [flexiv::rdk::Robot] Failed to connect to [Rizon4s-062067]. Please check that: a) Remote mode (Ethernet) is enabled on the target robot; b) Ethernet connection with the target robot is established; c) The specified serial number of the target robot is correct; d) No firewall is active or this RDK program is whitelisted; e) RDK version is compatible with the target robot's software version
2025-08-11 17:52:45.678 | ERROR | Robot initialization attempt 1 failed: [flexiv::rdk::Robot] Failed to connect to [Rizon4s-062067]. Please check that: a) Remote mode (Ethernet) is enabled on the target robot; b) Ethernet connection with the target robot is established; c) The specified serial number of the target robot is correct; d) No firewall is active or this RDK program is whitelisted; e) RDK version is compatible with the target robot's software version
2025-08-11 17:52:50.825 | ERROR | Robot initialization attempt 2 failed: [flexiv::rdk::Robot] Failed to connect to [Rizon4s-062067]. Please check that: a) Remote mode (Ethernet) is enabled on the target robot; b) Ethernet connection with the target robot is established; c) The specified serial number of the target robot is correct; d) No firewall is active or this RDK program is whitelisted; e) RDK version is compatible with the target robot's software version
2025-08-11 17:52:50.825 | ERROR | Robot initialization attempt 2 failed: [flexiv::rdk::Robot] Failed to connect to [Rizon4s-062067]. Please check that: a) Remote mode (Ethernet) is enabled on the target robot; b) Ethernet connection with the target robot is established; c) The specified serial number of the target robot is correct; d) No firewall is active or this RDK program is whitelisted; e) RDK version is compatible with the target robot's software version
2025-08-11 17:52:50.825 | ERROR | Robot initialization attempt 2 failed: [flexiv::rdk::Robot] Failed to connect to [Rizon4s-062067]. Please check that: a) Remote mode (Ethernet) is enabled on the target robot; b) Ethernet connection with the target robot is established; c) The specified serial number of the target robot is correct; d) No firewall is active or this RDK program is whitelisted; e) RDK version is compatible with the target robot's software version
2025-08-11 17:52:55.960 | ERROR | Robot initialization attempt 3 failed: [flexiv::rdk::Robot] Failed to connect to [Rizon4s-062067]. Please check that: a) Remote mode (Ethernet) is enabled on the target robot; b) Ethernet connection with the target robot is established; c) The specified serial number of the target robot is correct; d) No firewall is active or this RDK program is whitelisted; e) RDK version is compatible with the target robot's software version
2025-08-11 17:52:55.960 | ERROR | Robot initialization attempt 3 failed: [flexiv::rdk::Robot] Failed to connect to [Rizon4s-062067]. Please check that: a) Remote mode (Ethernet) is enabled on the target robot; b) Ethernet connection with the target robot is established; c) The specified serial number of the target robot is correct; d) No firewall is active or this RDK program is whitelisted; e) RDK version is compatible with the target robot's software version
2025-08-11 17:52:55.960 | ERROR | Robot initialization attempt 3 failed: [flexiv::rdk::Robot] Failed to connect to [Rizon4s-062067]. Please check that: a) Remote mode (Ethernet) is enabled on the target robot; b) Ethernet connection with the target robot is established; c) The specified serial number of the target robot is correct; d) No firewall is active or this RDK program is whitelisted; e) RDK version is compatible with the target robot's software version
2025-08-11 17:58:59.402 | ERROR | Robot initialization attempt 1 failed: [flexiv::rdk::Robot] Failed to connect to [Rizon4s-062067]. Please check that: a) Remote mode (Ethernet) is enabled on the target robot; b) Ethernet connection with the target robot is established; c) The specified serial number of the target robot is correct; d) No firewall is active or this RDK program is whitelisted; e) RDK version is compatible with the target robot's software version
2025-08-11 17:58:59.402 | ERROR | Robot initialization attempt 1 failed: [flexiv::rdk::Robot] Failed to connect to [Rizon4s-062067]. Please check that: a) Remote mode (Ethernet) is enabled on the target robot; b) Ethernet connection with the target robot is established; c) The specified serial number of the target robot is correct; d) No firewall is active or this RDK program is whitelisted; e) RDK version is compatible with the target robot's software version
2025-08-11 17:58:59.402 | ERROR | Robot initialization attempt 1 failed: [flexiv::rdk::Robot] Failed to connect to [Rizon4s-062067]. Please check that: a) Remote mode (Ethernet) is enabled on the target robot; b) Ethernet connection with the target robot is established; c) The specified serial number of the target robot is correct; d) No firewall is active or this RDK program is whitelisted; e) RDK version is compatible with the target robot's software version
2025-08-11 17:59:02.636 | INFO | Enabling robot...
2025-08-11 17:59:02.636 | INFO | Enabling robot...
2025-08-11 17:59:02.636 | INFO | Enabling robot...
2025-08-11 17:59:02.663 | INFO | Robot initialized successfully and is operational
2025-08-11 17:59:02.663 | INFO | Robot initialized successfully and is operational
2025-08-11 17:59:02.663 | INFO | Robot initialized successfully and is operational
2025-08-11 17:59:02.664 | INFO | Cleaning up robot resources...
2025-08-11 17:59:02.664 | INFO | Cleaning up robot resources...
2025-08-11 17:59:02.664 | INFO | Cleaning up robot resources...
2025-08-11 17:59:02.664 | INFO | Stopping robot...
2025-08-11 17:59:02.664 | INFO | Stopping robot...
2025-08-11 17:59:02.664 | INFO | Stopping robot...
2025-08-11 17:59:02.665 | ERROR | Failed to stop robot: 'flexivrdk.flexivrdk.Robot' object has no attribute 'stop'
2025-08-11 17:59:02.665 | ERROR | Failed to stop robot: 'flexivrdk.flexivrdk.Robot' object has no attribute 'stop'
2025-08-11 17:59:02.665 | ERROR | Failed to stop robot: 'flexivrdk.flexivrdk.Robot' object has no attribute 'stop'
2025-08-11 17:59:02.665 | INFO | Switching to mode: Mode.IDLE
2025-08-11 17:59:02.665 | INFO | Switching to mode: Mode.IDLE
2025-08-11 17:59:02.666 | ERROR | Failed to switch mode: 'flexivrdk.flexivrdk.Robot' object has no attribute 'switch_mode'
2025-08-11 17:59:02.665 | INFO | Switching to mode: Mode.IDLE
2025-08-11 17:59:02.666 | ERROR | Failed to switch mode: 'flexivrdk.flexivrdk.Robot' object has no attribute 'switch_mode'
2025-08-11 17:59:02.666 | ERROR | Failed to switch mode: 'flexivrdk.flexivrdk.Robot' object has no attribute 'switch_mode'
